[2025-10-06 19:24:21] [SYSTEM] [INFO] Starting backend service
[2J[3J[H[[90m7:24:34 PM[0m] Starting compilation in watch mode...

[[90m7:24:36 PM[0m] Found 0 errors. Watching for file changes.

[32m[Nest] 193618  - [39m10/06/2025, 7:24:36 PM [32m    LOG[39m [38;5;3m[NestFactory] [39m[32mStarting Nest application...[39m
[32m[Nest] 193618  - [39m10/06/2025, 7:24:36 PM [32m    LOG[39m [38;5;3m[InstanceLoader] [39m[32mTypeOrmModule dependencies initialized[39m[38;5;3m +14ms[39m
[32m[Nest] 193618  - [39m10/06/2025, 7:24:36 PM [32m    LOG[39m [38;5;3m[InstanceLoader] [39m[32mErrorsModule dependencies initialized[39m[38;5;3m +0ms[39m
[32m[Nest] 193618  - [39m10/06/2025, 7:24:36 PM [32m    LOG[39m [38;5;3m[InstanceLoader] [39m[32mPassportModule dependencies initialized[39m[38;5;3m +0ms[39m
[32m[Nest] 193618  - [39m10/06/2025, 7:24:36 PM [32m    LOG[39m [38;5;3m[InstanceLoader] [39m[32mUtilsModule dependencies initialized[39m[38;5;3m +0ms[39m
[32m[Nest] 193618  - [39m10/06/2025, 7:24:36 PM [32m    LOG[39m [38;5;3m[InstanceLoader] [39m[32mConfigHostModule dependencies initialized[39m[38;5;3m +0ms[39m
[32m[Nest] 193618  - [39m10/06/2025, 7:24:36 PM [32m    LOG[39m [38;5;3m[InstanceLoader] [39m[32mDiscoveryModule dependencies initialized[39m[38;5;3m +1ms[39m
[32m[Nest] 193618  - [39m10/06/2025, 7:24:36 PM [32m    LOG[39m [38;5;3m[InstanceLoader] [39m[32mMetricsModule dependencies initialized[39m[38;5;3m +0ms[39m
[32m[Nest] 193618  - [39m10/06/2025, 7:24:36 PM [32m    LOG[39m [38;5;3m[InstanceLoader] [39m[32mConfigModule dependencies initialized[39m[38;5;3m +0ms[39m
[32m[Nest] 193618  - [39m10/06/2025, 7:24:36 PM [32m    LOG[39m [38;5;3m[InstanceLoader] [39m[32mConfigModule dependencies initialized[39m[38;5;3m +0ms[39m
[32m[Nest] 193618  - [39m10/06/2025, 7:24:36 PM [32m    LOG[39m [38;5;3m[InstanceLoader] [39m[32mScheduleModule dependencies initialized[39m[38;5;3m +0ms[39m
[32m[Nest] 193618  - [39m10/06/2025, 7:24:36 PM [32m    LOG[39m [38;5;3m[InstanceLoader] [39m[32mThrottlerModule dependencies initialized[39m[38;5;3m +3ms[39m
[32m[Nest] 193618  - [39m10/06/2025, 7:24:36 PM [32m    LOG[39m [38;5;3m[InstanceLoader] [39m[32mAppModule dependencies initialized[39m[38;5;3m +1ms[39m
[32m[Nest] 193618  - [39m10/06/2025, 7:24:36 PM [32m    LOG[39m [38;5;3m[InstanceLoader] [39m[32mAuthModule dependencies initialized[39m[38;5;3m +0ms[39m
[32m[Nest] 193618  - [39m10/06/2025, 7:24:36 PM [32m    LOG[39m [38;5;3m[InstanceLoader] [39m[32mI18nModule dependencies initialized[39m[38;5;3m +16ms[39m
[32m[Nest] 193618  - [39m10/06/2025, 7:24:36 PM [32m    LOG[39m [38;5;3m[InstanceLoader] [39m[32mTypeOrmCoreModule dependencies initialized[39m[38;5;3m +4ms[39m
[32m[Nest] 193618  - [39m10/06/2025, 7:24:36 PM [32m    LOG[39m [38;5;3m[InstanceLoader] [39m[32mTypeOrmModule dependencies initialized[39m[38;5;3m +0ms[39m
[32m[Nest] 193618  - [39m10/06/2025, 7:24:36 PM [32m    LOG[39m [38;5;3m[InstanceLoader] [39m[32mTypeOrmModule dependencies initialized[39m[38;5;3m +0ms[39m
[32m[Nest] 193618  - [39m10/06/2025, 7:24:36 PM [32m    LOG[39m [38;5;3m[InstanceLoader] [39m[32mTypeOrmModule dependencies initialized[39m[38;5;3m +0ms[39m
[32m[Nest] 193618  - [39m10/06/2025, 7:24:36 PM [32m    LOG[39m [38;5;3m[InstanceLoader] [39m[32mTasksModule dependencies initialized[39m[38;5;3m +1ms[39m
[32m[Nest] 193618  - [39m10/06/2025, 7:24:36 PM [32m    LOG[39m [38;5;3m[InstanceLoader] [39m[32mGameHistoryModule dependencies initialized[39m[38;5;3m +0ms[39m
[32m[Nest] 193618  - [39m10/06/2025, 7:24:36 PM [32m    LOG[39m [38;5;3m[InstanceLoader] [39m[32mUsersModule dependencies initialized[39m[38;5;3m +0ms[39m
[32m[Nest] 193618  - [39m10/06/2025, 7:24:36 PM [32m    LOG[39m [38;5;3m[InstanceLoader] [39m[32mGameSessionModule dependencies initialized[39m[38;5;3m +0ms[39m
[95m[Nest] 193618  - [39m10/06/2025, 7:24:36 PM [95m  DEBUG[39m [38;5;3m[GameSessionGateway] [39m[95mWebSocket server initialized[39m
[32m[Nest] 193618  - [39m10/06/2025, 7:24:36 PM [32m    LOG[39m [38;5;3m[WebSocketsController] [39m[32mGameSessionGateway subscribed to the "register-queue" message[39m[38;5;3m +0ms[39m
[32m[Nest] 193618  - [39m10/06/2025, 7:24:36 PM [32m    LOG[39m [38;5;3m[WebSocketsController] [39m[32mGameSessionGateway subscribed to the "unregister-queue" message[39m[38;5;3m +0ms[39m
[32m[Nest] 193618  - [39m10/06/2025, 7:24:36 PM [32m    LOG[39m [38;5;3m[WebSocketsController] [39m[32mGameSessionGateway subscribed to the "ready-user" message[39m[38;5;3m +0ms[39m
[32m[Nest] 193618  - [39m10/06/2025, 7:24:36 PM [32m    LOG[39m [38;5;3m[WebSocketsController] [39m[32mGameSessionGateway subscribed to the "cancel-ready-user" message[39m[38;5;3m +0ms[39m
[32m[Nest] 193618  - [39m10/06/2025, 7:24:36 PM [32m    LOG[39m [38;5;3m[WebSocketsController] [39m[32mGameSessionGateway subscribed to the "game-config" message[39m[38;5;3m +0ms[39m
[32m[Nest] 193618  - [39m10/06/2025, 7:24:36 PM [32m    LOG[39m [38;5;3m[WebSocketsController] [39m[32mGameSessionGateway subscribed to the "gamedata-pong" message[39m[38;5;3m +0ms[39m
[32m[Nest] 193618  - [39m10/06/2025, 7:24:36 PM [32m    LOG[39m [38;5;3m[WebSocketsController] [39m[32mGameSessionGateway subscribed to the "gamedata-shoot" message[39m[38;5;3m +0ms[39m
[32m[Nest] 193618  - [39m10/06/2025, 7:24:36 PM [32m    LOG[39m [38;5;3m[WebSocketsController] [39m[32mGameSessionGateway subscribed to the "gamedata-winner" message[39m[38;5;3m +0ms[39m
[32m[Nest] 193618  - [39m10/06/2025, 7:24:36 PM [32m    LOG[39m [38;5;3m[RoutesResolver] [39m[32mAppController {/}:[39m[38;5;3m +2ms[39m
[32m[Nest] 193618  - [39m10/06/2025, 7:24:36 PM [32m    LOG[39m [38;5;3m[RouterExplorer] [39m[32mMapped {/, GET} route[39m[38;5;3m +1ms[39m
[32m[Nest] 193618  - [39m10/06/2025, 7:24:36 PM [32m    LOG[39m [38;5;3m[RoutesResolver] [39m[32mGameSessionController {/game-session}:[39m[38;5;3m +0ms[39m
[32m[Nest] 193618  - [39m10/06/2025, 7:24:36 PM [32m    LOG[39m [38;5;3m[RouterExplorer] [39m[32mMapped {/game-session/queue-info, GET} route[39m[38;5;3m +1ms[39m
[32m[Nest] 193618  - [39m10/06/2025, 7:24:36 PM [32m    LOG[39m [38;5;3m[RoutesResolver] [39m[32mAuthController {/auth}:[39m[38;5;3m +0ms[39m
[32m[Nest] 193618  - [39m10/06/2025, 7:24:36 PM [32m    LOG[39m [38;5;3m[RouterExplorer] [39m[32mMapped {/auth/login, POST} route[39m[38;5;3m +0ms[39m
[32m[Nest] 193618  - [39m10/06/2025, 7:24:36 PM [32m    LOG[39m [38;5;3m[RouterExplorer] [39m[32mMapped {/auth/logout, POST} route[39m[38;5;3m +0ms[39m
[32m[Nest] 193618  - [39m10/06/2025, 7:24:36 PM [32m    LOG[39m [38;5;3m[RouterExplorer] [39m[32mMapped {/auth/verify/token, GET} route[39m[38;5;3m +1ms[39m
[32m[Nest] 193618  - [39m10/06/2025, 7:24:36 PM [32m    LOG[39m [38;5;3m[RoutesResolver] [39m[32mUsersController {/users}:[39m[38;5;3m +0ms[39m
[32m[Nest] 193618  - [39m10/06/2025, 7:24:36 PM [32m    LOG[39m [38;5;3m[RouterExplorer] [39m[32mMapped {/users, POST} route[39m[38;5;3m +0ms[39m
[32m[Nest] 193618  - [39m10/06/2025, 7:24:36 PM [32m    LOG[39m [38;5;3m[RouterExplorer] [39m[32mMapped {/users/bulk, POST} route[39m[38;5;3m +0ms[39m
[32m[Nest] 193618  - [39m10/06/2025, 7:24:36 PM [32m    LOG[39m [38;5;3m[RouterExplorer] [39m[32mMapped {/users, GET} route[39m[38;5;3m +0ms[39m
[32m[Nest] 193618  - [39m10/06/2025, 7:24:36 PM [32m    LOG[39m [38;5;3m[RouterExplorer] [39m[32mMapped {/users/:id, GET} route[39m[38;5;3m +1ms[39m
[32m[Nest] 193618  - [39m10/06/2025, 7:24:36 PM [32m    LOG[39m [38;5;3m[RouterExplorer] [39m[32mMapped {/users/:id, PATCH} route[39m[38;5;3m +0ms[39m
[32m[Nest] 193618  - [39m10/06/2025, 7:24:36 PM [32m    LOG[39m [38;5;3m[RouterExplorer] [39m[32mMapped {/users/me, PATCH} route[39m[38;5;3m +0ms[39m
[32m[Nest] 193618  - [39m10/06/2025, 7:24:36 PM [32m    LOG[39m [38;5;3m[RouterExplorer] [39m[32mMapped {/users/:id, DELETE} route[39m[38;5;3m +1ms[39m
[32m[Nest] 193618  - [39m10/06/2025, 7:24:36 PM [32m    LOG[39m [38;5;3m[RouterExplorer] [39m[32mMapped {/users/me, DELETE} route[39m[38;5;3m +0ms[39m
[32m[Nest] 193618  - [39m10/06/2025, 7:24:36 PM [32m    LOG[39m [38;5;3m[RoutesResolver] [39m[32mGameHistoryController {/game-history}:[39m[38;5;3m +0ms[39m
[32m[Nest] 193618  - [39m10/06/2025, 7:24:36 PM [32m    LOG[39m [38;5;3m[RouterExplorer] [39m[32mMapped {/game-history, POST} route[39m[38;5;3m +0ms[39m
[32m[Nest] 193618  - [39m10/06/2025, 7:24:36 PM [32m    LOG[39m [38;5;3m[RouterExplorer] [39m[32mMapped {/game-history, GET} route[39m[38;5;3m +0ms[39m
[32m[Nest] 193618  - [39m10/06/2025, 7:24:36 PM [32m    LOG[39m [38;5;3m[RouterExplorer] [39m[32mMapped {/game-history/me, GET} route[39m[38;5;3m +0ms[39m
[32m[Nest] 193618  - [39m10/06/2025, 7:24:36 PM [32m    LOG[39m [38;5;3m[RouterExplorer] [39m[32mMapped {/game-history/me/statistics, GET} route[39m[38;5;3m +1ms[39m
[32m[Nest] 193618  - [39m10/06/2025, 7:24:36 PM [32m    LOG[39m [38;5;3m[RouterExplorer] [39m[32mMapped {/game-history/:id, GET} route[39m[38;5;3m +0ms[39m
[32m[Nest] 193618  - [39m10/06/2025, 7:24:36 PM [32m    LOG[39m [38;5;3m[RoutesResolver] [39m[32mMetricsController {/metrics}:[39m[38;5;3m +0ms[39m
[32m[Nest] 193618  - [39m10/06/2025, 7:24:36 PM [32m    LOG[39m [38;5;3m[RouterExplorer] [39m[32mMapped {/metrics, GET} route[39m[38;5;3m +0ms[39m
[32m[Nest] 193618  - [39m10/06/2025, 7:24:36 PM [32m    LOG[39m [38;5;3m[NestApplication] [39m[32mNest application successfully started[39m[38;5;3m +11ms[39m
[32m[Nest] 193618  - [39m10/06/2025, 7:24:36 PM [32m    LOG[39m [38;5;3m[Main] [39m[32mApplication is running on http://127.0.0.1:4000 , NODE_ENV=development[39m
[95m[Nest] 193618  - [39m10/06/2025, 7:24:40 PM [95m  DEBUG[39m [38;5;3m[GameSessionService] [39m[95mHandling game queue...[39m
[95m[Nest] 193618  - [39m10/06/2025, 7:24:40 PM [95m  DEBUG[39m [38;5;3m[GameSessionService] [39m[95mCurrent queue status - PONG : 0, SHOOT : 0[39m
[95m[Nest] 193618  - [39m10/06/2025, 7:24:40 PM [95m  DEBUG[39m [38;5;3m[GameSessionService] [39m[95mHandling game queue...Done![39m
[95m[Nest] 193618  - [39m10/06/2025, 7:24:50 PM [95m  DEBUG[39m [38;5;3m[GameSessionService] [39m[95mHandling game queue...[39m
[95m[Nest] 193618  - [39m10/06/2025, 7:24:50 PM [95m  DEBUG[39m [38;5;3m[GameSessionService] [39m[95mCurrent queue status - PONG : 0, SHOOT : 0[39m
[95m[Nest] 193618  - [39m10/06/2025, 7:24:50 PM [95m  DEBUG[39m [38;5;3m[GameSessionService] [39m[95mHandling game queue...Done![39m
[95m[Nest] 193618  - [39m10/06/2025, 7:25:00 PM [95m  DEBUG[39m [38;5;3m[GameSessionService] [39m[95mHandling game queue...[39m
[95m[Nest] 193618  - [39m10/06/2025, 7:25:00 PM [95m  DEBUG[39m [38;5;3m[GameSessionService] [39m[95mCurrent queue status - PONG : 0, SHOOT : 0[39m
[95m[Nest] 193618  - [39m10/06/2025, 7:25:00 PM [95m  DEBUG[39m [38;5;3m[GameSessionService] [39m[95mHandling game queue...Done![39m
[95m[Nest] 193618  - [39m10/06/2025, 7:25:10 PM [95m  DEBUG[39m [38;5;3m[GameSessionService] [39m[95mHandling game queue...[39m
[95m[Nest] 193618  - [39m10/06/2025, 7:25:10 PM [95m  DEBUG[39m [38;5;3m[GameSessionService] [39m[95mCurrent queue status - PONG : 0, SHOOT : 0[39m
[95m[Nest] 193618  - [39m10/06/2025, 7:25:10 PM [95m  DEBUG[39m [38;5;3m[GameSessionService] [39m[95mHandling game queue...Done![39m
[95m[Nest] 193618  - [39m10/06/2025, 7:25:20 PM [95m  DEBUG[39m [38;5;3m[GameSessionService] [39m[95mHandling game queue...[39m
[95m[Nest] 193618  - [39m10/06/2025, 7:25:20 PM [95m  DEBUG[39m [38;5;3m[GameSessionService] [39m[95mCurrent queue status - PONG : 0, SHOOT : 0[39m
[95m[Nest] 193618  - [39m10/06/2025, 7:25:20 PM [95m  DEBUG[39m [38;5;3m[GameSessionService] [39m[95mHandling game queue...Done![39m
[95m[Nest] 193618  - [39m10/06/2025, 7:25:30 PM [95m  DEBUG[39m [38;5;3m[GameSessionService] [39m[95mHandling game queue...[39m
[95m[Nest] 193618  - [39m10/06/2025, 7:25:30 PM [95m  DEBUG[39m [38;5;3m[GameSessionService] [39m[95mCurrent queue status - PONG : 0, SHOOT : 0[39m
[95m[Nest] 193618  - [39m10/06/2025, 7:25:30 PM [95m  DEBUG[39m [38;5;3m[GameSessionService] [39m[95mHandling game queue...Done![39m
[95m[Nest] 193618  - [39m10/06/2025, 7:25:40 PM [95m  DEBUG[39m [38;5;3m[GameSessionService] [39m[95mHandling game queue...[39m
[95m[Nest] 193618  - [39m10/06/2025, 7:25:40 PM [95m  DEBUG[39m [38;5;3m[GameSessionService] [39m[95mCurrent queue status - PONG : 0, SHOOT : 0[39m
[95m[Nest] 193618  - [39m10/06/2025, 7:25:40 PM [95m  DEBUG[39m [38;5;3m[GameSessionService] [39m[95mHandling game queue...Done![39m
[95m[Nest] 193618  - [39m10/06/2025, 7:25:50 PM [95m  DEBUG[39m [38;5;3m[GameSessionService] [39m[95mHandling game queue...[39m
[95m[Nest] 193618  - [39m10/06/2025, 7:25:50 PM [95m  DEBUG[39m [38;5;3m[GameSessionService] [39m[95mCurrent queue status - PONG : 0, SHOOT : 0[39m
[95m[Nest] 193618  - [39m10/06/2025, 7:25:50 PM [95m  DEBUG[39m [38;5;3m[GameSessionService] [39m[95mHandling game queue...Done![39m
[95m[Nest] 193618  - [39m10/06/2025, 7:26:00 PM [95m  DEBUG[39m [38;5;3m[GameSessionService] [39m[95mHandling game queue...[39m
[95m[Nest] 193618  - [39m10/06/2025, 7:26:00 PM [95m  DEBUG[39m [38;5;3m[GameSessionService] [39m[95mCurrent queue status - PONG : 0, SHOOT : 0[39m
[95m[Nest] 193618  - [39m10/06/2025, 7:26:00 PM [95m  DEBUG[39m [38;5;3m[GameSessionService] [39m[95mHandling game queue...Done![39m
[95m[Nest] 193618  - [39m10/06/2025, 7:26:10 PM [95m  DEBUG[39m [38;5;3m[GameSessionService] [39m[95mHandling game queue...[39m
[95m[Nest] 193618  - [39m10/06/2025, 7:26:10 PM [95m  DEBUG[39m [38;5;3m[GameSessionService] [39m[95mCurrent queue status - PONG : 0, SHOOT : 0[39m
[95m[Nest] 193618  - [39m10/06/2025, 7:26:10 PM [95m  DEBUG[39m [38;5;3m[GameSessionService] [39m[95mHandling game queue...Done![39m
[95m[Nest] 193618  - [39m10/06/2025, 7:26:20 PM [95m  DEBUG[39m [38;5;3m[GameSessionService] [39m[95mHandling game queue...[39m
[95m[Nest] 193618  - [39m10/06/2025, 7:26:20 PM [95m  DEBUG[39m [38;5;3m[GameSessionService] [39m[95mCurrent queue status - PONG : 0, SHOOT : 0[39m
[95m[Nest] 193618  - [39m10/06/2025, 7:26:20 PM [95m  DEBUG[39m [38;5;3m[GameSessionService] [39m[95mHandling game queue...Done![39m
[95m[Nest] 193618  - [39m10/06/2025, 7:26:30 PM [95m  DEBUG[39m [38;5;3m[GameSessionService] [39m[95mHandling game queue...[39m
[95m[Nest] 193618  - [39m10/06/2025, 7:26:30 PM [95m  DEBUG[39m [38;5;3m[GameSessionService] [39m[95mCurrent queue status - PONG : 0, SHOOT : 0[39m
[95m[Nest] 193618  - [39m10/06/2025, 7:26:30 PM [95m  DEBUG[39m [38;5;3m[GameSessionService] [39m[95mHandling game queue...Done![39m
[95m[Nest] 193618  - [39m10/06/2025, 7:26:40 PM [95m  DEBUG[39m [38;5;3m[GameSessionService] [39m[95mHandling game queue...[39m
[95m[Nest] 193618  - [39m10/06/2025, 7:26:40 PM [95m  DEBUG[39m [38;5;3m[GameSessionService] [39m[95mCurrent queue status - PONG : 0, SHOOT : 0[39m
[95m[Nest] 193618  - [39m10/06/2025, 7:26:40 PM [95m  DEBUG[39m [38;5;3m[GameSessionService] [39m[95mHandling game queue...Done![39m
[95m[Nest] 193618  - [39m10/06/2025, 7:26:50 PM [95m  DEBUG[39m [38;5;3m[GameSessionService] [39m[95mHandling game queue...[39m
[95m[Nest] 193618  - [39m10/06/2025, 7:26:50 PM [95m  DEBUG[39m [38;5;3m[GameSessionService] [39m[95mCurrent queue status - PONG : 0, SHOOT : 0[39m
[95m[Nest] 193618  - [39m10/06/2025, 7:26:50 PM [95m  DEBUG[39m [38;5;3m[GameSessionService] [39m[95mHandling game queue...Done![39m
[95m[Nest] 193618  - [39m10/06/2025, 7:27:00 PM [95m  DEBUG[39m [38;5;3m[GameSessionService] [39m[95mHandling game queue...[39m
[95m[Nest] 193618  - [39m10/06/2025, 7:27:00 PM [95m  DEBUG[39m [38;5;3m[GameSessionService] [39m[95mCurrent queue status - PONG : 0, SHOOT : 0[39m
[95m[Nest] 193618  - [39m10/06/2025, 7:27:00 PM [95m  DEBUG[39m [38;5;3m[GameSessionService] [39m[95mHandling game queue...Done![39m
[95m[Nest] 193618  - [39m10/06/2025, 7:27:10 PM [95m  DEBUG[39m [38;5;3m[GameSessionService] [39m[95mHandling game queue...[39m
[95m[Nest] 193618  - [39m10/06/2025, 7:27:10 PM [95m  DEBUG[39m [38;5;3m[GameSessionService] [39m[95mCurrent queue status - PONG : 0, SHOOT : 0[39m
[95m[Nest] 193618  - [39m10/06/2025, 7:27:10 PM [95m  DEBUG[39m [38;5;3m[GameSessionService] [39m[95mHandling game queue...Done![39m
[95m[Nest] 193618  - [39m10/06/2025, 7:27:20 PM [95m  DEBUG[39m [38;5;3m[GameSessionService] [39m[95mHandling game queue...[39m
[95m[Nest] 193618  - [39m10/06/2025, 7:27:20 PM [95m  DEBUG[39m [38;5;3m[GameSessionService] [39m[95mCurrent queue status - PONG : 0, SHOOT : 0[39m
[95m[Nest] 193618  - [39m10/06/2025, 7:27:20 PM [95m  DEBUG[39m [38;5;3m[GameSessionService] [39m[95mHandling game queue...Done![39m
[95m[Nest] 193618  - [39m10/06/2025, 7:27:30 PM [95m  DEBUG[39m [38;5;3m[GameSessionService] [39m[95mHandling game queue...[39m
[95m[Nest] 193618  - [39m10/06/2025, 7:27:30 PM [95m  DEBUG[39m [38;5;3m[GameSessionService] [39m[95mCurrent queue status - PONG : 0, SHOOT : 0[39m
[95m[Nest] 193618  - [39m10/06/2025, 7:27:30 PM [95m  DEBUG[39m [38;5;3m[GameSessionService] [39m[95mHandling game queue...Done![39m
[95m[Nest] 193618  - [39m10/06/2025, 7:27:40 PM [95m  DEBUG[39m [38;5;3m[GameSessionService] [39m[95mHandling game queue...[39m
[95m[Nest] 193618  - [39m10/06/2025, 7:27:40 PM [95m  DEBUG[39m [38;5;3m[GameSessionService] [39m[95mCurrent queue status - PONG : 0, SHOOT : 0[39m
[95m[Nest] 193618  - [39m10/06/2025, 7:27:40 PM [95m  DEBUG[39m [38;5;3m[GameSessionService] [39m[95mHandling game queue...Done![39m
[95m[Nest] 193618  - [39m10/06/2025, 7:27:50 PM [95m  DEBUG[39m [38;5;3m[GameSessionService] [39m[95mHandling game queue...[39m
[95m[Nest] 193618  - [39m10/06/2025, 7:27:50 PM [95m  DEBUG[39m [38;5;3m[GameSessionService] [39m[95mCurrent queue status - PONG : 0, SHOOT : 0[39m
[95m[Nest] 193618  - [39m10/06/2025, 7:27:50 PM [95m  DEBUG[39m [38;5;3m[GameSessionService] [39m[95mHandling game queue...Done![39m
[95m[Nest] 193618  - [39m10/06/2025, 7:28:00 PM [95m  DEBUG[39m [38;5;3m[GameSessionService] [39m[95mHandling game queue...[39m
[95m[Nest] 193618  - [39m10/06/2025, 7:28:00 PM [95m  DEBUG[39m [38;5;3m[GameSessionService] [39m[95mCurrent queue status - PONG : 0, SHOOT : 0[39m
[95m[Nest] 193618  - [39m10/06/2025, 7:28:00 PM [95m  DEBUG[39m [38;5;3m[GameSessionService] [39m[95mHandling game queue...Done![39m
[95m[Nest] 193618  - [39m10/06/2025, 7:28:10 PM [95m  DEBUG[39m [38;5;3m[GameSessionService] [39m[95mHandling game queue...[39m
[95m[Nest] 193618  - [39m10/06/2025, 7:28:10 PM [95m  DEBUG[39m [38;5;3m[GameSessionService] [39m[95mCurrent queue status - PONG : 0, SHOOT : 0[39m
[95m[Nest] 193618  - [39m10/06/2025, 7:28:10 PM [95m  DEBUG[39m [38;5;3m[GameSessionService] [39m[95mHandling game queue...Done![39m
[95m[Nest] 193618  - [39m10/06/2025, 7:28:20 PM [95m  DEBUG[39m [38;5;3m[GameSessionService] [39m[95mHandling game queue...[39m
[95m[Nest] 193618  - [39m10/06/2025, 7:28:20 PM [95m  DEBUG[39m [38;5;3m[GameSessionService] [39m[95mCurrent queue status - PONG : 0, SHOOT : 0[39m
[95m[Nest] 193618  - [39m10/06/2025, 7:28:20 PM [95m  DEBUG[39m [38;5;3m[GameSessionService] [39m[95mHandling game queue...Done![39m
[95m[Nest] 193618  - [39m10/06/2025, 7:28:30 PM [95m  DEBUG[39m [38;5;3m[GameSessionService] [39m[95mHandling game queue...[39m
[95m[Nest] 193618  - [39m10/06/2025, 7:28:30 PM [95m  DEBUG[39m [38;5;3m[GameSessionService] [39m[95mCurrent queue status - PONG : 0, SHOOT : 0[39m
[95m[Nest] 193618  - [39m10/06/2025, 7:28:30 PM [95m  DEBUG[39m [38;5;3m[GameSessionService] [39m[95mHandling game queue...Done![39m
[95m[Nest] 193618  - [39m10/06/2025, 7:28:40 PM [95m  DEBUG[39m [38;5;3m[GameSessionService] [39m[95mHandling game queue...[39m
[95m[Nest] 193618  - [39m10/06/2025, 7:28:40 PM [95m  DEBUG[39m [38;5;3m[GameSessionService] [39m[95mCurrent queue status - PONG : 0, SHOOT : 0[39m
[95m[Nest] 193618  - [39m10/06/2025, 7:28:40 PM [95m  DEBUG[39m [38;5;3m[GameSessionService] [39m[95mHandling game queue...Done![39m
[95m[Nest] 193618  - [39m10/06/2025, 7:28:50 PM [95m  DEBUG[39m [38;5;3m[GameSessionService] [39m[95mHandling game queue...[39m
[95m[Nest] 193618  - [39m10/06/2025, 7:28:50 PM [95m  DEBUG[39m [38;5;3m[GameSessionService] [39m[95mCurrent queue status - PONG : 0, SHOOT : 0[39m
[95m[Nest] 193618  - [39m10/06/2025, 7:28:50 PM [95m  DEBUG[39m [38;5;3m[GameSessionService] [39m[95mHandling game queue...Done![39m
[95m[Nest] 193618  - [39m10/06/2025, 7:29:00 PM [95m  DEBUG[39m [38;5;3m[GameSessionService] [39m[95mHandling game queue...[39m
[95m[Nest] 193618  - [39m10/06/2025, 7:29:00 PM [95m  DEBUG[39m [38;5;3m[GameSessionService] [39m[95mCurrent queue status - PONG : 0, SHOOT : 0[39m
[95m[Nest] 193618  - [39m10/06/2025, 7:29:00 PM [95m  DEBUG[39m [38;5;3m[GameSessionService] [39m[95mHandling game queue...Done![39m
[95m[Nest] 193618  - [39m10/06/2025, 7:29:10 PM [95m  DEBUG[39m [38;5;3m[GameSessionService] [39m[95mHandling game queue...[39m
[95m[Nest] 193618  - [39m10/06/2025, 7:29:10 PM [95m  DEBUG[39m [38;5;3m[GameSessionService] [39m[95mCurrent queue status - PONG : 0, SHOOT : 0[39m
[95m[Nest] 193618  - [39m10/06/2025, 7:29:10 PM [95m  DEBUG[39m [38;5;3m[GameSessionService] [39m[95mHandling game queue...Done![39m
[95m[Nest] 193618  - [39m10/06/2025, 7:29:20 PM [95m  DEBUG[39m [38;5;3m[GameSessionService] [39m[95mHandling game queue...[39m
[95m[Nest] 193618  - [39m10/06/2025, 7:29:20 PM [95m  DEBUG[39m [38;5;3m[GameSessionService] [39m[95mCurrent queue status - PONG : 0, SHOOT : 0[39m
[95m[Nest] 193618  - [39m10/06/2025, 7:29:20 PM [95m  DEBUG[39m [38;5;3m[GameSessionService] [39m[95mHandling game queue...Done![39m
[95m[Nest] 193618  - [39m10/06/2025, 7:29:30 PM [95m  DEBUG[39m [38;5;3m[GameSessionService] [39m[95mHandling game queue...[39m
[95m[Nest] 193618  - [39m10/06/2025, 7:29:30 PM [95m  DEBUG[39m [38;5;3m[GameSessionService] [39m[95mCurrent queue status - PONG : 0, SHOOT : 0[39m
[95m[Nest] 193618  - [39m10/06/2025, 7:29:30 PM [95m  DEBUG[39m [38;5;3m[GameSessionService] [39m[95mHandling game queue...Done![39m
[95m[Nest] 193618  - [39m10/06/2025, 7:29:40 PM [95m  DEBUG[39m [38;5;3m[GameSessionService] [39m[95mHandling game queue...[39m
[95m[Nest] 193618  - [39m10/06/2025, 7:29:40 PM [95m  DEBUG[39m [38;5;3m[GameSessionService] [39m[95mCurrent queue status - PONG : 0, SHOOT : 0[39m
[95m[Nest] 193618  - [39m10/06/2025, 7:29:40 PM [95m  DEBUG[39m [38;5;3m[GameSessionService] [39m[95mHandling game queue...Done![39m
[95m[Nest] 193618  - [39m10/06/2025, 7:29:50 PM [95m  DEBUG[39m [38;5;3m[GameSessionService] [39m[95mHandling game queue...[39m
[95m[Nest] 193618  - [39m10/06/2025, 7:29:50 PM [95m  DEBUG[39m [38;5;3m[GameSessionService] [39m[95mCurrent queue status - PONG : 0, SHOOT : 0[39m
[95m[Nest] 193618  - [39m10/06/2025, 7:29:50 PM [95m  DEBUG[39m [38;5;3m[GameSessionService] [39m[95mHandling game queue...Done![39m
[95m[Nest] 193618  - [39m10/06/2025, 7:30:00 PM [95m  DEBUG[39m [38;5;3m[GameSessionService] [39m[95mHandling game queue...[39m
[95m[Nest] 193618  - [39m10/06/2025, 7:30:00 PM [95m  DEBUG[39m [38;5;3m[GameSessionService] [39m[95mCurrent queue status - PONG : 0, SHOOT : 0[39m
[95m[Nest] 193618  - [39m10/06/2025, 7:30:00 PM [95m  DEBUG[39m [38;5;3m[GameSessionService] [39m[95mHandling game queue...Done![39m
[95m[Nest] 193618  - [39m10/06/2025, 7:30:10 PM [95m  DEBUG[39m [38;5;3m[GameSessionService] [39m[95mHandling game queue...[39m
[95m[Nest] 193618  - [39m10/06/2025, 7:30:10 PM [95m  DEBUG[39m [38;5;3m[GameSessionService] [39m[95mCurrent queue status - PONG : 0, SHOOT : 0[39m
[95m[Nest] 193618  - [39m10/06/2025, 7:30:10 PM [95m  DEBUG[39m [38;5;3m[GameSessionService] [39m[95mHandling game queue...Done![39m
[95m[Nest] 193618  - [39m10/06/2025, 7:30:20 PM [95m  DEBUG[39m [38;5;3m[GameSessionService] [39m[95mHandling game queue...[39m
[95m[Nest] 193618  - [39m10/06/2025, 7:30:20 PM [95m  DEBUG[39m [38;5;3m[GameSessionService] [39m[95mCurrent queue status - PONG : 0, SHOOT : 0[39m
[95m[Nest] 193618  - [39m10/06/2025, 7:30:20 PM [95m  DEBUG[39m [38;5;3m[GameSessionService] [39m[95mHandling game queue...Done![39m
[95m[Nest] 193618  - [39m10/06/2025, 7:30:30 PM [95m  DEBUG[39m [38;5;3m[GameSessionService] [39m[95mHandling game queue...[39m
[95m[Nest] 193618  - [39m10/06/2025, 7:30:30 PM [95m  DEBUG[39m [38;5;3m[GameSessionService] [39m[95mCurrent queue status - PONG : 0, SHOOT : 0[39m
[95m[Nest] 193618  - [39m10/06/2025, 7:30:30 PM [95m  DEBUG[39m [38;5;3m[GameSessionService] [39m[95mHandling game queue...Done![39m
[95m[Nest] 193618  - [39m10/06/2025, 7:30:40 PM [95m  DEBUG[39m [38;5;3m[GameSessionService] [39m[95mHandling game queue...[39m
[95m[Nest] 193618  - [39m10/06/2025, 7:30:40 PM [95m  DEBUG[39m [38;5;3m[GameSessionService] [39m[95mCurrent queue status - PONG : 0, SHOOT : 0[39m
[95m[Nest] 193618  - [39m10/06/2025, 7:30:40 PM [95m  DEBUG[39m [38;5;3m[GameSessionService] [39m[95mHandling game queue...Done![39m
[95m[Nest] 193618  - [39m10/06/2025, 7:30:50 PM [95m  DEBUG[39m [38;5;3m[GameSessionService] [39m[95mHandling game queue...[39m
[95m[Nest] 193618  - [39m10/06/2025, 7:30:50 PM [95m  DEBUG[39m [38;5;3m[GameSessionService] [39m[95mCurrent queue status - PONG : 0, SHOOT : 0[39m
[95m[Nest] 193618  - [39m10/06/2025, 7:30:50 PM [95m  DEBUG[39m [38;5;3m[GameSessionService] [39m[95mHandling game queue...Done![39m
[95m[Nest] 193618  - [39m10/06/2025, 7:31:00 PM [95m  DEBUG[39m [38;5;3m[GameSessionService] [39m[95mHandling game queue...[39m
[95m[Nest] 193618  - [39m10/06/2025, 7:31:00 PM [95m  DEBUG[39m [38;5;3m[GameSessionService] [39m[95mCurrent queue status - PONG : 0, SHOOT : 0[39m
[95m[Nest] 193618  - [39m10/06/2025, 7:31:00 PM [95m  DEBUG[39m [38;5;3m[GameSessionService] [39m[95mHandling game queue...Done![39m
[95m[Nest] 193618  - [39m10/06/2025, 7:31:10 PM [95m  DEBUG[39m [38;5;3m[GameSessionService] [39m[95mHandling game queue...[39m
[95m[Nest] 193618  - [39m10/06/2025, 7:31:10 PM [95m  DEBUG[39m [38;5;3m[GameSessionService] [39m[95mCurrent queue status - PONG : 0, SHOOT : 0[39m
[95m[Nest] 193618  - [39m10/06/2025, 7:31:10 PM [95m  DEBUG[39m [38;5;3m[GameSessionService] [39m[95mHandling game queue...Done![39m
[95m[Nest] 193618  - [39m10/06/2025, 7:31:20 PM [95m  DEBUG[39m [38;5;3m[GameSessionService] [39m[95mHandling game queue...[39m
[95m[Nest] 193618  - [39m10/06/2025, 7:31:20 PM [95m  DEBUG[39m [38;5;3m[GameSessionService] [39m[95mCurrent queue status - PONG : 0, SHOOT : 0[39m
[95m[Nest] 193618  - [39m10/06/2025, 7:31:20 PM [95m  DEBUG[39m [38;5;3m[GameSessionService] [39m[95mHandling game queue...Done![39m
[95m[Nest] 193618  - [39m10/06/2025, 7:31:30 PM [95m  DEBUG[39m [38;5;3m[GameSessionService] [39m[95mHandling game queue...[39m
[95m[Nest] 193618  - [39m10/06/2025, 7:31:30 PM [95m  DEBUG[39m [38;5;3m[GameSessionService] [39m[95mCurrent queue status - PONG : 0, SHOOT : 0[39m
[95m[Nest] 193618  - [39m10/06/2025, 7:31:30 PM [95m  DEBUG[39m [38;5;3m[GameSessionService] [39m[95mHandling game queue...Done![39m
[95m[Nest] 193618  - [39m10/06/2025, 7:31:40 PM [95m  DEBUG[39m [38;5;3m[GameSessionService] [39m[95mHandling game queue...[39m
[95m[Nest] 193618  - [39m10/06/2025, 7:31:40 PM [95m  DEBUG[39m [38;5;3m[GameSessionService] [39m[95mCurrent queue status - PONG : 0, SHOOT : 0[39m
[95m[Nest] 193618  - [39m10/06/2025, 7:31:40 PM [95m  DEBUG[39m [38;5;3m[GameSessionService] [39m[95mHandling game queue...Done![39m
[95m[Nest] 193618  - [39m10/06/2025, 7:31:50 PM [95m  DEBUG[39m [38;5;3m[GameSessionService] [39m[95mHandling game queue...[39m
[95m[Nest] 193618  - [39m10/06/2025, 7:31:50 PM [95m  DEBUG[39m [38;5;3m[GameSessionService] [39m[95mCurrent queue status - PONG : 0, SHOOT : 0[39m
[95m[Nest] 193618  - [39m10/06/2025, 7:31:50 PM [95m  DEBUG[39m [38;5;3m[GameSessionService] [39m[95mHandling game queue...Done![39m
[95m[Nest] 193618  - [39m10/06/2025, 7:32:00 PM [95m  DEBUG[39m [38;5;3m[GameSessionService] [39m[95mHandling game queue...[39m
[95m[Nest] 193618  - [39m10/06/2025, 7:32:00 PM [95m  DEBUG[39m [38;5;3m[GameSessionService] [39m[95mCurrent queue status - PONG : 0, SHOOT : 0[39m
[95m[Nest] 193618  - [39m10/06/2025, 7:32:00 PM [95m  DEBUG[39m [38;5;3m[GameSessionService] [39m[95mHandling game queue...Done![39m
[95m[Nest] 193618  - [39m10/06/2025, 7:32:10 PM [95m  DEBUG[39m [38;5;3m[GameSessionService] [39m[95mHandling game queue...[39m
[95m[Nest] 193618  - [39m10/06/2025, 7:32:10 PM [95m  DEBUG[39m [38;5;3m[GameSessionService] [39m[95mCurrent queue status - PONG : 0, SHOOT : 0[39m
[95m[Nest] 193618  - [39m10/06/2025, 7:32:10 PM [95m  DEBUG[39m [38;5;3m[GameSessionService] [39m[95mHandling game queue...Done![39m
[95m[Nest] 193618  - [39m10/06/2025, 7:32:20 PM [95m  DEBUG[39m [38;5;3m[GameSessionService] [39m[95mHandling game queue...[39m
[95m[Nest] 193618  - [39m10/06/2025, 7:32:20 PM [95m  DEBUG[39m [38;5;3m[GameSessionService] [39m[95mCurrent queue status - PONG : 0, SHOOT : 0[39m
[95m[Nest] 193618  - [39m10/06/2025, 7:32:20 PM [95m  DEBUG[39m [38;5;3m[GameSessionService] [39m[95mHandling game queue...Done![39m
[95m[Nest] 193618  - [39m10/06/2025, 7:32:30 PM [95m  DEBUG[39m [38;5;3m[GameSessionService] [39m[95mHandling game queue...[39m
[95m[Nest] 193618  - [39m10/06/2025, 7:32:30 PM [95m  DEBUG[39m [38;5;3m[GameSessionService] [39m[95mCurrent queue status - PONG : 0, SHOOT : 0[39m
[95m[Nest] 193618  - [39m10/06/2025, 7:32:30 PM [95m  DEBUG[39m [38;5;3m[GameSessionService] [39m[95mHandling game queue...Done![39m
[95m[Nest] 193618  - [39m10/06/2025, 7:32:40 PM [95m  DEBUG[39m [38;5;3m[GameSessionService] [39m[95mHandling game queue...[39m
[95m[Nest] 193618  - [39m10/06/2025, 7:32:40 PM [95m  DEBUG[39m [38;5;3m[GameSessionService] [39m[95mCurrent queue status - PONG : 0, SHOOT : 0[39m
[95m[Nest] 193618  - [39m10/06/2025, 7:32:40 PM [95m  DEBUG[39m [38;5;3m[GameSessionService] [39m[95mHandling game queue...Done![39m
[95m[Nest] 193618  - [39m10/06/2025, 7:32:50 PM [95m  DEBUG[39m [38;5;3m[GameSessionService] [39m[95mHandling game queue...[39m
[95m[Nest] 193618  - [39m10/06/2025, 7:32:50 PM [95m  DEBUG[39m [38;5;3m[GameSessionService] [39m[95mCurrent queue status - PONG : 0, SHOOT : 0[39m
[95m[Nest] 193618  - [39m10/06/2025, 7:32:50 PM [95m  DEBUG[39m [38;5;3m[GameSessionService] [39m[95mHandling game queue...Done![39m
[95m[Nest] 193618  - [39m10/06/2025, 7:33:00 PM [95m  DEBUG[39m [38;5;3m[GameSessionService] [39m[95mHandling game queue...[39m
[95m[Nest] 193618  - [39m10/06/2025, 7:33:00 PM [95m  DEBUG[39m [38;5;3m[GameSessionService] [39m[95mCurrent queue status - PONG : 0, SHOOT : 0[39m
[95m[Nest] 193618  - [39m10/06/2025, 7:33:00 PM [95m  DEBUG[39m [38;5;3m[GameSessionService] [39m[95mHandling game queue...Done![39m
[95m[Nest] 193618  - [39m10/06/2025, 7:33:10 PM [95m  DEBUG[39m [38;5;3m[GameSessionService] [39m[95mHandling game queue...[39m
[95m[Nest] 193618  - [39m10/06/2025, 7:33:10 PM [95m  DEBUG[39m [38;5;3m[GameSessionService] [39m[95mCurrent queue status - PONG : 0, SHOOT : 0[39m
[95m[Nest] 193618  - [39m10/06/2025, 7:33:10 PM [95m  DEBUG[39m [38;5;3m[GameSessionService] [39m[95mHandling game queue...Done![39m
